d:\game_rockman\game_rockman\game_rockman\debug\vc140.pdb
d:\game_rockman\game_rockman\game_rockman\debug\vc140.idb
d:\game_rockman\game_rockman\game_rockman\debug\basegamestate.obj
d:\game_rockman\game_rockman\game_rockman\debug\game.obj
d:\game_rockman\game_rockman\game_rockman\debug\gameinfo.obj
d:\game_rockman\game_rockman\game_rockman\debug\gameobject.obj
d:\game_rockman\game_rockman\game_rockman\debug\gamestatemanager.obj
d:\game_rockman\game_rockman\game_rockman\debug\gamewindow.obj
d:\game_rockman\game_rockman\game_rockman\debug\graphic.obj
d:\game_rockman\game_rockman\game_rockman\debug\input.obj
d:\game_rockman\game_rockman\game_rockman\debug\menustate.obj
d:\game_rockman\game_rockman\game_rockman\debug\playstate.obj
d:\game_rockman\game_rockman\game_rockman\debug\resourcesmanager.obj
d:\game_rockman\game_rockman\game_rockman\debug\sprite.obj
d:\game_rockman\game_rockman\game_rockman\debug\texture.obj
d:\game_rockman\game_rockman\game_rockman\debug\timer.obj
d:\game_rockman\game_rockman\game_rockman\debug\viewport.obj
d:\game_rockman\game_rockman\game_rockman\debug\winmain.obj
d:\game_rockman\game_rockman\game_rockman\debug\game_rockman.res
d:\game_rockman\game_rockman\debug\game_rockman.pdb
d:\game_rockman\game_rockman\game_rockman\debug\game_rockman.tlog\cl.command.1.tlog
d:\game_rockman\game_rockman\game_rockman\debug\game_rockman.tlog\cl.read.1.tlog
d:\game_rockman\game_rockman\game_rockman\debug\game_rockman.tlog\cl.write.1.tlog
d:\game_rockman\game_rockman\game_rockman\debug\game_rockman.tlog\link-cvtres.read.1.tlog
d:\game_rockman\game_rockman\game_rockman\debug\game_rockman.tlog\link-cvtres.write.1.tlog
d:\game_rockman\game_rockman\game_rockman\debug\game_rockman.tlog\link-rc.read.1.tlog
d:\game_rockman\game_rockman\game_rockman\debug\game_rockman.tlog\link-rc.write.1.tlog
d:\game_rockman\game_rockman\game_rockman\debug\game_rockman.tlog\link.command.1.tlog
d:\game_rockman\game_rockman\game_rockman\debug\game_rockman.tlog\link.read.1.tlog
d:\game_rockman\game_rockman\game_rockman\debug\game_rockman.tlog\link.write.1.tlog
d:\game_rockman\game_rockman\game_rockman\debug\game_rockman.tlog\rc.command.1.tlog
d:\game_rockman\game_rockman\game_rockman\debug\game_rockman.tlog\rc.read.1.tlog
d:\game_rockman\game_rockman\game_rockman\debug\game_rockman.tlog\rc.write.1.tlog
